<<<<<<< HEAD
﻿  main.cpp
  Source.cpp
C:\Users\NeBoris\source\repos\NeBoris\MIPT_Classes\Семинар 6\Задача 1\Source.cpp(5,28): error C2429: для функция языка "nested-namespace-definition" нужен флаг компилятора "/std:c++17"
C:\Users\NeBoris\source\repos\NeBoris\MIPT_Classes\Семинар 6\Задача 1\Source.cpp(5,28): error C2757: Temp: символ с этим именем уже существует, поэтому оно не может быть использовано в качестве имени пространства имен
C:\Users\NeBoris\source\repos\NeBoris\MIPT_Classes\Семинар 6\Задача 1\Source.cpp(8,7): error C2059: синтаксическая ошибка: )
C:\Users\NeBoris\source\repos\NeBoris\MIPT_Classes\Семинар 6\Задача 1\Source.cpp(8,9): error C2143: синтаксическая ошибка: отсутствие ";" перед "{"
C:\Users\NeBoris\source\repos\NeBoris\MIPT_Classes\Семинар 6\Задача 1\Source.cpp(8,9): error C2447: {: отсутствует заголовок функции (возможно, используется формальный список старого типа)
C:\Users\NeBoris\source\repos\NeBoris\MIPT_Classes\Семинар 6\Задача 1\Source.cpp(12,7): error C2059: синтаксическая ошибка: const
C:\Users\NeBoris\source\repos\NeBoris\MIPT_Classes\Семинар 6\Задача 1\Source.cpp(14,7): error C2059: синтаксическая ошибка: const
C:\Users\NeBoris\source\repos\NeBoris\MIPT_Classes\Семинар 6\Задача 1\Source.cpp(16,7): error C2588: ::~Temp: недопустимая глобальная переменная деструктор
C:\Users\NeBoris\source\repos\NeBoris\MIPT_Classes\Семинар 6\Задача 1\Source.cpp(16,10): error C4430: отсутствует спецификатор типа - предполагается int. Примечание. C++ не поддерживает int по умолчанию
C:\Users\NeBoris\source\repos\NeBoris\MIPT_Classes\Семинар 6\Задача 1\Source.cpp(16,3): error C2610: "int test_class::Temp::Temp(void)": не является специальной функцией-членом или оператором сравнения, для которых можно установить значение по умолчанию.
C:\Users\NeBoris\source\repos\NeBoris\MIPT_Classes\Семинар 6\Задача 1\Source.cpp(18,2): error C2255: friend: не допускается вне определения класса
C:\Users\NeBoris\source\repos\NeBoris\MIPT_Classes\Семинар 6\Задача 1\Source.cpp(18,66): error C4430: отсутствует спецификатор типа - предполагается int. Примечание. C++ не поддерживает int по умолчанию
C:\Users\NeBoris\source\repos\NeBoris\MIPT_Classes\Семинар 6\Задача 1\Source.cpp(18,66): error C2143: синтаксическая ошибка: отсутствие "," перед "&"
C:\Users\NeBoris\source\repos\NeBoris\MIPT_Classes\Семинар 6\Задача 1\Source.cpp(19,2): error C2255: friend: не допускается вне определения класса
C:\Users\NeBoris\source\repos\NeBoris\MIPT_Classes\Семинар 6\Задача 1\Source.cpp(19,60): error C2061: синтаксическая ошибка: идентификатор "Temp"
C:\Users\NeBoris\source\repos\NeBoris\MIPT_Classes\Семинар 6\Задача 1\Source.cpp(19,64): error C2805: бинарный "operator >>" имеет слишком мало параметров
C:\Users\NeBoris\source\repos\NeBoris\MIPT_Classes\Семинар 6\Задача 1\Source.cpp(22,6): error C2143: синтаксическая ошибка: отсутствие ";" перед "&"
C:\Users\NeBoris\source\repos\NeBoris\MIPT_Classes\Семинар 6\Задача 1\Source.cpp(22,6): error C4430: отсутствует спецификатор типа - предполагается int. Примечание. C++ не поддерживает int по умолчанию
C:\Users\NeBoris\source\repos\NeBoris\MIPT_Classes\Семинар 6\Задача 1\Source.cpp(22,2): error C2365: test_class::Temp::Temp: переопределение; предыдущим определением было "функция"
C:\Users\NeBoris\source\repos\NeBoris\MIPT_Classes\Семинар 6\Задача 1\Source.cpp(16): message : см. объявление "test_class::Temp::Temp"
C:\Users\NeBoris\source\repos\NeBoris\MIPT_Classes\Семинар 6\Задача 1\Source.cpp(22,28): error C4430: отсутствует спецификатор типа - предполагается int. Примечание. C++ не поддерживает int по умолчанию
C:\Users\NeBoris\source\repos\NeBoris\MIPT_Classes\Семинар 6\Задача 1\Source.cpp(22,28): error C2143: синтаксическая ошибка: отсутствие "," перед "&"
C:\Users\NeBoris\source\repos\NeBoris\MIPT_Classes\Семинар 6\Задача 1\Source.cpp(22,32): error C4430: отсутствует спецификатор типа - предполагается int. Примечание. C++ не поддерживает int по умолчанию
C:\Users\NeBoris\source\repos\NeBoris\MIPT_Classes\Семинар 6\Задача 1\Source.cpp(22,32): error C2801: "test_class::Temp::operator =" не должен быть статическим членом
C:\Users\NeBoris\source\repos\NeBoris\MIPT_Classes\Семинар 6\Задача 1\Source.cpp(25,6): error C2143: синтаксическая ошибка: отсутствие ";" перед "&"
C:\Users\NeBoris\source\repos\NeBoris\MIPT_Classes\Семинар 6\Задача 1\Source.cpp(25,6): error C4430: отсутствует спецификатор типа - предполагается int. Примечание. C++ не поддерживает int по умолчанию
C:\Users\NeBoris\source\repos\NeBoris\MIPT_Classes\Семинар 6\Задача 1\Source.cpp(25,2): error C2365: test_class::Temp::Temp: переопределение; предыдущим определением было "функция"
C:\Users\NeBoris\source\repos\NeBoris\MIPT_Classes\Семинар 6\Задача 1\Source.cpp(16): message : см. объявление "test_class::Temp::Temp"
C:\Users\NeBoris\source\repos\NeBoris\MIPT_Classes\Семинар 6\Задача 1\Source.cpp(25,25): error C2065: t: необъявленный идентификатор
C:\Users\NeBoris\source\repos\NeBoris\MIPT_Classes\Семинар 6\Задача 1\Source.cpp(25,26): warning C4551: в вызове функции отсутствует список аргументов
C:\Users\NeBoris\source\repos\NeBoris\MIPT_Classes\Семинар 6\Задача 1\Source.cpp(25,26): error C2473: operator =: выглядит как определение функции, но без списка параметров.
C:\Users\NeBoris\source\repos\NeBoris\MIPT_Classes\Семинар 6\Задача 1\Source.cpp(25,26): error C4430: отсутствует спецификатор типа - предполагается int. Примечание. C++ не поддерживает int по умолчанию
C:\Users\NeBoris\source\repos\NeBoris\MIPT_Classes\Семинар 6\Задача 1\Source.cpp(25,8): error C2365: test_class::Temp::operator =: переопределение; предыдущим определением было "функция"
C:\Users\NeBoris\source\repos\NeBoris\MIPT_Classes\Семинар 6\Задача 1\Source.cpp(22): message : см. объявление "test_class::Temp::operator ="
C:\Users\NeBoris\source\repos\NeBoris\MIPT_Classes\Семинар 6\Задача 1\Source.cpp(27,28): error C4430: отсутствует спецификатор типа - предполагается int. Примечание. C++ не поддерживает int по умолчанию
C:\Users\NeBoris\source\repos\NeBoris\MIPT_Classes\Семинар 6\Задача 1\Source.cpp(27,28): error C2143: синтаксическая ошибка: отсутствие "," перед "&"
C:\Users\NeBoris\source\repos\NeBoris\MIPT_Classes\Семинар 6\Задача 1\Source.cpp(27,32): error C2803: "operator ==" должен иметь по крайней мере один формальный параметр типа класс
C:\Users\NeBoris\source\repos\NeBoris\MIPT_Classes\Семинар 6\Задача 1\Source.cpp(27,32): error C2805: бинарный "operator ==" имеет слишком мало параметров
C:\Users\NeBoris\source\repos\NeBoris\MIPT_Classes\Семинар 6\Задача 1\Source.cpp(29,6): error C2143: синтаксическая ошибка: отсутствие ";" перед "&&"
C:\Users\NeBoris\source\repos\NeBoris\MIPT_Classes\Семинар 6\Задача 1\Source.cpp(29,6): error C4430: отсутствует спецификатор типа - предполагается int. Примечание. C++ не поддерживает int по умолчанию
C:\Users\NeBoris\source\repos\NeBoris\MIPT_Classes\Семинар 6\Задача 1\Source.cpp(29,2): error C2365: test_class::Temp::Temp: переопределение; предыдущим определением было "функция"
C:\Users\NeBoris\source\repos\NeBoris\MIPT_Classes\Семинар 6\Задача 1\Source.cpp(16): message : см. объявление "test_class::Temp::Temp"
C:\Users\NeBoris\source\repos\NeBoris\MIPT_Classes\Семинар 6\Задача 1\Source.cpp(29,29): error C4430: отсутствует спецификатор типа - предполагается int. Примечание. C++ не поддерживает int по умолчанию
C:\Users\NeBoris\source\repos\NeBoris\MIPT_Classes\Семинар 6\Задача 1\Source.cpp(29,29): error C2143: синтаксическая ошибка: отсутствие "," перед "&"
C:\Users\NeBoris\source\repos\NeBoris\MIPT_Classes\Семинар 6\Задача 1\Source.cpp(29,33): error C4430: отсутствует спецификатор типа - предполагается int. Примечание. C++ не поддерживает int по умолчанию
C:\Users\NeBoris\source\repos\NeBoris\MIPT_Classes\Семинар 6\Задача 1\Source.cpp(29,33): error C2803: "operator +" должен иметь по крайней мере один формальный параметр типа класс
C:\Users\NeBoris\source\repos\NeBoris\MIPT_Classes\Семинар 6\Задача 1\Source.cpp(30,6): error C2143: синтаксическая ошибка: отсутствие ";" перед "&&"
C:\Users\NeBoris\source\repos\NeBoris\MIPT_Classes\Семинар 6\Задача 1\Source.cpp(30,6): error C4430: отсутствует спецификатор типа - предполагается int. Примечание. C++ не поддерживает int по умолчанию
C:\Users\NeBoris\source\repos\NeBoris\MIPT_Classes\Семинар 6\Задача 1\Source.cpp(30,2): error C2365: test_class::Temp::Temp: переопределение; предыдущим определением было "функция"
C:\Users\NeBoris\source\repos\NeBoris\MIPT_Classes\Семинар 6\Задача 1\Source.cpp(16): message : см. объявление "test_class::Temp::Temp"
C:\Users\NeBoris\source\repos\NeBoris\MIPT_Classes\Семинар 6\Задача 1\Source.cpp(30,29): error C4430: отсутствует спецификатор типа - предполагается int. Примечание. C++ не поддерживает int по умолчанию
C:\Users\NeBoris\source\repos\NeBoris\MIPT_Classes\Семинар 6\Задача 1\Source.cpp(30,29): error C2143: синтаксическая ошибка: отсутствие "," перед "&"
C:\Users\NeBoris\source\repos\NeBoris\MIPT_Classes\Семинар 6\Задача 1\Source.cpp(30,33): error C4430: отсутствует спецификатор типа - предполагается int. Примечание. C++ не поддерживает int по умолчанию
C:\Users\NeBoris\source\repos\NeBoris\MIPT_Classes\Семинар 6\Задача 1\Source.cpp(30,33): error C2803: "operator -" должен иметь по крайней мере один формальный параметр типа класс
  Создание кода...
=======
﻿  Source.cpp
  main.cpp
  Создание кода...
  Задача 1.vcxproj -> C:\Users\Boris\Source\Repos\NeBoris\MIPT_Classes\Семинар 6\Задача 1\Debug\Задача 1.exe
>>>>>>> d6953e1dbe85584ecf302f53660b871210421273
